\BOOKMARK [-1][]{title.-1}{\376\377\116\055\126\375\171\321\133\146\142\200\147\057\131\047\133\146\147\054\170\125\123\132\153\325\116\032\213\272\145\207\152\041\147\177\171\072\117\213\145\207\150\143\000\050\000B\000e\000t\000a\000\051}{}% 1
\BOOKMARK [0][]{chapter*.1}{\376\377\144\130\211\201}{title.-1}% 2
\BOOKMARK [0][]{chapter*.2}{\376\377\000A\000B\000S\000T\000R\000A\000C\000T}{title.-1}% 3
\BOOKMARK [0][]{chapter*.3}{\376\377\166\356\137\125}{title.-1}% 4
\BOOKMARK [0][]{chapter*.3}{\376\377\210\150\150\074\175\042\137\025}{title.-1}% 5
\BOOKMARK [0][]{chapter*.4}{\376\377\143\322\126\376\175\042\137\025}{title.-1}% 6
\BOOKMARK [0][]{chapter*.5}{\376\377\173\227\154\325\175\042\137\025}{title.-1}% 7
\BOOKMARK [0][]{chapter*.7}{\376\377\116\073\211\201\173\046\123\367\133\371\161\147\210\150}{title.-1}% 8
\BOOKMARK [0][]{chapter.1}{\376\377\173\054\116\000\172\340\000\040\000\040\176\352\213\272}{title.-1}% 9
\BOOKMARK [1][]{section.1.1}{\376\377\0001\000.\0001\000\040\174\373\176\337\211\201\154\102}{chapter.1}% 10
\BOOKMARK [2][]{subsection.1.1.1}{\376\377\0001\000.\0001\000.\0001\000\040\174\373\176\337\211\201\154\102}{section.1.1}% 11
\BOOKMARK [1][]{section.1.2}{\376\377\0001\000.\0002\000\040\116\013\217\175\116\016\133\211\210\305}{chapter.1}% 12
\BOOKMARK [2][]{subsection.1.2.1}{\376\377\0001\000.\0002\000.\0001\000\040\152\041\147\177\145\207\116\366\156\005\123\125}{section.1.2}% 13
\BOOKMARK [2][]{subsection.1.2.2}{\376\377\0001\000.\0002\000.\0002\000\040\152\041\147\177\116\013\217\175\116\016\117\177\165\050}{section.1.2}% 14
\BOOKMARK [2][]{subsection.1.2.3}{\376\377\0001\000.\0002\000.\0003\000\040\000L\000a\000T\000e\000X\174\373\176\337\166\204\133\211\210\305\124\214\117\177\165\050}{section.1.2}% 15
\BOOKMARK [2][]{subsection.1.2.4}{\376\377\0001\000.\0002\000.\0004\000\040\143\250\203\120\117\177\165\050\166\204\177\026\217\221\126\150}{section.1.2}% 16
\BOOKMARK [1][]{section.1.3}{\376\377\0001\000.\0003\000\040\225\356\230\230\123\315\231\210}{chapter.1}% 17
\BOOKMARK [0][]{chapter.2}{\376\377\173\054\116\214\172\340\000\040\000\040\152\041\147\177\166\204\127\372\170\100\117\177\165\050\213\364\146\016}{title.-1}% 18
\BOOKMARK [1][]{section.2.1}{\376\377\0002\000.\0001\000\040\152\041\147\177\127\372\147\054\213\364\146\016}{chapter.2}% 19
\BOOKMARK [2][]{subsection.2.1.1}{\376\377\0002\000.\0001\000.\0001\000\040\152\041\147\177\143\250\203\120\122\240\217\175\213\276\177\156}{section.2.1}% 20
\BOOKMARK [1][]{section.2.2}{\376\377\0002\000.\0002\000\040\152\041\147\177\143\320\117\233\166\204\145\260\163\257\130\203\124\214\124\175\116\344}{chapter.2}% 21
\BOOKMARK [1][]{section.2.3}{\376\377\0002\000.\0003\000\040\117\177\165\050\152\041\147\177\166\204\116\000\116\233\136\372\213\256}{chapter.2}% 22
\BOOKMARK [0][]{chapter.3}{\376\377\173\054\116\011\172\340\000\040\000\040\116\343\170\001\171\072\117\213}{title.-1}% 23
\BOOKMARK [1][]{section.3.1}{\376\377\0003\000.\0001\000\040\000E\000u\000l\000e\000r\145\160\133\146\133\127\117\123\171\072\117\213}{chapter.3}% 24
\BOOKMARK [1][]{section.3.2}{\376\377\0003\000.\0002\000\040\116\012\150\007\137\025\165\050\171\072\117\213}{chapter.3}% 25
\BOOKMARK [1][]{section.3.3}{\376\377\0003\000.\0003\000\040\210\150\150\074\163\257\130\203\122\240\137\072\124\175\116\344\171\072\117\213}{chapter.3}% 26
\BOOKMARK [1][]{section.3.4}{\376\377\0003\000.\0004\000\040\201\352\133\232\116\111\116\343\170\001\163\257\130\203\171\072\117\213}{chapter.3}% 27
\BOOKMARK [2][]{subsection.3.4.1}{\376\377\0003\000.\0004\000.\0001\000\040\000C\000o\000d\000e\163\257\130\203}{section.3.4}% 28
\BOOKMARK [2][]{subsection.3.4.2}{\376\377\0003\000.\0004\000.\0002\000\040\000C\000o\000d\000e\000x\163\257\130\203}{section.3.4}% 29
\BOOKMARK [2][]{subsection.3.4.3}{\376\377\0003\000.\0004\000.\0003\000\040\000C\000o\000d\000e\000S\000c\000r\000i\000p\000t\163\257\130\203}{section.3.4}% 30
\BOOKMARK [2][]{subsection.3.4.4}{\376\377\0003\000.\0004\000.\0004\000\040\000C\000o\000d\000e\000x\000S\000c\000r\000i\000p\000t\163\257\130\203}{section.3.4}% 31
\BOOKMARK [1][]{section.3.5}{\376\377\0003\000.\0005\000\040\210\150\150\074\171\072\117\213}{chapter.3}% 32
\BOOKMARK [1][]{section.3.6}{\376\377\0003\000.\0006\000\040\173\227\154\325\171\072\117\213}{chapter.3}% 33
\BOOKMARK [1][]{section.3.7}{\376\377\0003\000.\0007\000\040\137\025\165\050\123\302\200\003\145\207\163\056\171\072\117\213}{chapter.3}% 34
\BOOKMARK [0][]{chapter*.15}{\376\377\123\302\200\003\145\207\163\056}{title.-1}% 35
\BOOKMARK [0][]{appendix.A}{\376\377\226\104\137\125\000\040\000A\000\040\000\040\121\163\116\216\170\125\130\353\060\001\123\132\130\353\133\146\117\115\213\272\145\207\144\260\121\231\211\201\154\102}{title.-1}% 36
\BOOKMARK [1][]{section.A.1}{\376\377\000A\000.\0001\000\040\133\371\133\146\117\115\213\272\145\207\166\204\127\372\147\054\211\201\154\102}{appendix.A}% 37
\BOOKMARK [2][]{subsection.A.1.1}{\376\377\000A\000.\0001\000.\0001\000\040\170\125\130\353\133\146\117\115\213\272\145\207}{section.A.1}% 38
\BOOKMARK [2][]{subsection.A.1.2}{\376\377\000A\000.\0001\000.\0002\000\040\123\132\130\353\133\146\117\115\213\272\145\207}{section.A.1}% 39
\BOOKMARK [1][]{section.A.2}{\376\377\000A\000.\0002\000\040\133\371\133\146\117\115\213\272\145\207\166\204\150\074\137\017\211\201\154\102}{appendix.A}% 40
\BOOKMARK [2][]{subsection.A.2.1}{\376\377\000A\000.\0002\000.\0001\000\040\177\026\121\231\211\201\154\102}{section.A.2}% 41
\BOOKMARK [2][]{subsection.A.2.2}{\376\377\000A\000.\0002\000.\0002\000\040\142\123\123\160}{section.A.2}% 42
\BOOKMARK [2][]{subsection.A.2.3}{\376\377\000A\000.\0002\000.\0003\000\040\210\305\213\242}{section.A.2}% 43
\BOOKMARK [0][]{appendix*.16}{\376\377\201\364\214\042}{title.-1}% 44
\BOOKMARK [0][]{appendix*.17}{\376\377\127\050\213\373\147\037\225\364\123\321\210\150\166\204\133\146\147\057\213\272\145\207\116\016\123\326\137\227\166\204\170\024\172\166\142\020\147\234}{title.-1}% 45
