mktextfm Courier
mktextfm Courier
mktextfm Courier
mktextfm Courier
mktextfm Courier
mktextfm Courier
mktextfm Courier
mktextfm Courier/BI
mktextfm Courier
mktextfm Courier/B
mktextfm Courier
mktextfm Courier/I
mktextfm Courier
mktextfm Courier
mktextfm Courier
mktextfm Courier
mktextfm Menlo
mktextfm Menlo
mktextfm Menlo
mktextfm Menlo/BI
mktextfm Menlo
mktextfm Menlo/B
mktextfm Menlo
mktextfm Menlo/I
mktextfm Menlo
mktextfm Menlo
mktextfm Menlo
mktextfm Menlo
mktextfm Menlo
mktextfm Menlo
mktextfm Menlo
mktextfm Menlo/BI
mktextfm Menlo
mktextfm Menlo/B
mktextfm Menlo
mktextfm Menlo/I
mktextfm Menlo
mktextfm Menlo
mktextfm Menlo
mktextfm Menlo
